   DEBUG 2019-01-02 00:13:09,806 Starting up worker 
2019-01-02 00:13:09 -    INFO:   decoder2: Creating decoder using conf: {'post-processor': "perl -npe 'BEGIN {use IO::Handle; STDOUT->autoflush(1);} s/(.*)/\\1./;'", 'logging': {'version': 1, 'root': {'level': 'DEBUG', 'handlers': ['console']}, 'formatters': {'simpleFormater': {'datefmt': '%Y-%m-%d %H:%M:%S', 'format': '%(asctime)s - %(levelname)7s: %(name)10s: %(message)s'}}, 'disable_existing_loggers': False, 'handlers': {'console': {'formatter': 'simpleFormater', 'class': 'logging.StreamHandler', 'level': 'DEBUG'}}}, 'use-nnet2': True, 'full-post-processor': './sample_full_post_processor.py', 'decoder': {'big-lm-const-arpa': 'test/models/english/tedlium_nnet_ms_sp_online/G.carpa', 'ivector-extraction-config': 'test/models/english/tedlium_nnet_ms_sp_online/conf/ivector_extractor.conf', 'lattice-beam': 10.0, 'word-boundary-file': 'test/models/english/tedlium_nnet_ms_sp_online/word_boundary.int', 'acoustic-scale': 0.083, 'do-endpointing': True, 'beam': 20.0, 'mfcc-config': 'test/models/english/tedlium_nnet_ms_sp_online/conf/mfcc.conf', 'traceback-period-in-secs': 0.25, 'endpoint-silence-phones': '1:2:3:4:5:6:7:8:9:10', 'word-syms': 'test/models/english/tedlium_nnet_ms_sp_online/words.txt', 'num-nbest': 5, 'lm-fst': 'test/models/english/tedlium_nnet_ms_sp_online/G.fst', 'max-active': 10000, 'fst': 'test/models/english/tedlium_nnet_ms_sp_online/HCLG.fst', 'use-threaded-decoder': True, 'model': 'test/models/english/tedlium_nnet_ms_sp_online/final.mdl', 'chunk-length-in-secs': 0.25}, 'silence-timeout': 10, 'out-dir': 'tmp', 'use-vad': False}
2019-01-02 00:13:09 -    INFO:   decoder2: Setting decoder property: big-lm-const-arpa = test/models/english/tedlium_nnet_ms_sp_online/G.carpa
2019-01-02 00:13:18 -    INFO:   decoder2: Setting decoder property: ivector-extraction-config = test/models/english/tedlium_nnet_ms_sp_online/conf/ivector_extractor.conf
2019-01-02 00:13:18 -    INFO:   decoder2: Setting decoder property: lattice-beam = 10.0
2019-01-02 00:13:18 -    INFO:   decoder2: Setting decoder property: word-boundary-file = test/models/english/tedlium_nnet_ms_sp_online/word_boundary.int
2019-01-02 00:13:18 -    INFO:   decoder2: Setting decoder property: acoustic-scale = 0.083
2019-01-02 00:13:18 -    INFO:   decoder2: Setting decoder property: do-endpointing = True
2019-01-02 00:13:18 -    INFO:   decoder2: Setting decoder property: beam = 20.0
2019-01-02 00:13:18 -    INFO:   decoder2: Setting decoder property: mfcc-config = test/models/english/tedlium_nnet_ms_sp_online/conf/mfcc.conf
2019-01-02 00:13:18 -    INFO:   decoder2: Setting decoder property: traceback-period-in-secs = 0.25
2019-01-02 00:13:18 -    INFO:   decoder2: Setting decoder property: endpoint-silence-phones = 1:2:3:4:5:6:7:8:9:10
2019-01-02 00:13:18 -    INFO:   decoder2: Setting decoder property: word-syms = test/models/english/tedlium_nnet_ms_sp_online/words.txt
2019-01-02 00:13:18 -    INFO:   decoder2: Setting decoder property: num-nbest = 5
2019-01-02 00:13:18 -    INFO:   decoder2: Setting decoder property: lm-fst = test/models/english/tedlium_nnet_ms_sp_online/G.fst
2019-01-02 00:13:20 -    INFO:   decoder2: Setting decoder property: max-active = 10000
2019-01-02 00:13:20 -    INFO:   decoder2: Setting decoder property: chunk-length-in-secs = 0.25
2019-01-02 00:13:20 -    INFO:   decoder2: Setting decoder property: fst = test/models/english/tedlium_nnet_ms_sp_online/HCLG.fst
2019-01-02 00:13:24 -    INFO:   decoder2: Setting decoder property: model = test/models/english/tedlium_nnet_ms_sp_online/final.mdl
2019-01-02 00:13:24 -    INFO:   decoder2: Created GStreamer elements
2019-01-02 00:13:24 -   DEBUG:   decoder2: Adding <__gi__.GstAppSrc object at 0x7f7392906230 (GstAppSrc at 0x2df47b0)> to the pipeline
2019-01-02 00:13:24 -   DEBUG:   decoder2: Adding <__gi__.GstDecodeBin object at 0x7f7392906410 (GstDecodeBin at 0x2d1e070)> to the pipeline
2019-01-02 00:13:24 -   DEBUG:   decoder2: Adding <__gi__.GstAudioConvert object at 0x7f7392906320 (GstAudioConvert at 0x2ec78d0)> to the pipeline
2019-01-02 00:13:24 -   DEBUG:   decoder2: Adding <__gi__.GstAudioResample object at 0x7f73929062d0 (GstAudioResample at 0x2f1e220)> to the pipeline
2019-01-02 00:13:24 -   DEBUG:   decoder2: Adding <__gi__.GstTee object at 0x7f73929063c0 (GstTee at 0x2f21000)> to the pipeline
2019-01-02 00:13:24 -   DEBUG:   decoder2: Adding <__gi__.GstQueue object at 0x7f7392906280 (GstQueue at 0x2f26240)> to the pipeline
2019-01-02 00:13:24 -   DEBUG:   decoder2: Adding <__gi__.GstFileSink object at 0x7f7392906370 (GstFileSink at 0x2ee6220)> to the pipeline
2019-01-02 00:13:24 -   DEBUG:   decoder2: Adding <__gi__.GstQueue object at 0x7f7392906460 (GstQueue at 0x2f26530)> to the pipeline
2019-01-02 00:13:24 -   DEBUG:   decoder2: Adding <__gi__.Gstkaldinnet2onlinedecoder object at 0x7f73929064b0 (Gstkaldinnet2onlinedecoder at 0x2f12250)> to the pipeline
2019-01-02 00:13:24 -   DEBUG:   decoder2: Adding <__gi__.GstFakeSink object at 0x7f7392906500 (GstFakeSink at 0x3056a10)> to the pipeline
2019-01-02 00:13:24 -    INFO:   decoder2: Linking GStreamer elements
LOG ([5.5.152~1-55aa]:ComputeDerivedVars():ivector-extractor.cc:183) Computing derived variables for iVector extractor
LOG ([5.5.152~1-55aa]:ComputeDerivedVars():ivector-extractor.cc:204) Done.
2019-01-02 00:13:24 -    INFO:   decoder2: Setting pipeline to READY
2019-01-02 00:13:24 -    INFO:   decoder2: Set pipeline to READY
2019-01-02 00:13:24 -    INFO:   __main__: Opening websocket connection to master server
2019-01-02 00:13:24 -    INFO:   __main__: Opened websocket connection to server
