   DEBUG 2019-01-01 23:57:48,226 Starting up worker 
2019-01-01 23:57:48 -    INFO:   decoder2: Creating decoder using conf: {'post-processor': "perl -npe 'BEGIN {use IO::Handle; STDOUT->autoflush(1);} s/(.*)/\\1./;'", 'logging': {'version': 1, 'root': {'level': 'DEBUG', 'handlers': ['console']}, 'formatters': {'simpleFormater': {'datefmt': '%Y-%m-%d %H:%M:%S', 'format': '%(asctime)s - %(levelname)7s: %(name)10s: %(message)s'}}, 'disable_existing_loggers': False, 'handlers': {'console': {'formatter': 'simpleFormater', 'class': 'logging.StreamHandler', 'level': 'DEBUG'}}}, 'use-nnet2': True, 'full-post-processor': './sample_full_post_processor.py', 'decoder': {'big-lm-const-arpa': 'test/models/english/tedlium_nnet_ms_sp_online/G.carpa', 'ivector-extraction-config': 'test/models/english/tedlium_nnet_ms_sp_online/conf/ivector_extractor.conf', 'lattice-beam': 10.0, 'word-boundary-file': 'test/models/english/tedlium_nnet_ms_sp_online/word_boundary.int', 'acoustic-scale': 0.083, 'do-endpointing': True, 'beam': 20.0, 'mfcc-config': 'test/models/english/tedlium_nnet_ms_sp_online/conf/mfcc.conf', 'traceback-period-in-secs': 0.25, 'endpoint-silence-phones': '1:2:3:4:5:6:7:8:9:10', 'word-syms': 'test/models/english/tedlium_nnet_ms_sp_online/words.txt', 'num-nbest': 5, 'lm-fst': 'test/models/english/tedlium_nnet_ms_sp_online/G.fst', 'max-active': 10000, 'fst': 'test/models/english/tedlium_nnet_ms_sp_online/HCLG.fst', 'use-threaded-decoder': True, 'model': 'test/models/english/tedlium_nnet_ms_sp_online/final.mdl', 'chunk-length-in-secs': 0.25}, 'silence-timeout': 10, 'out-dir': 'tmp', 'use-vad': False}
2019-01-01 23:57:48 -    INFO:   decoder2: Setting decoder property: big-lm-const-arpa = test/models/english/tedlium_nnet_ms_sp_online/G.carpa
2019-01-01 23:57:57 -    INFO:   decoder2: Setting decoder property: ivector-extraction-config = test/models/english/tedlium_nnet_ms_sp_online/conf/ivector_extractor.conf
2019-01-01 23:57:57 -    INFO:   decoder2: Setting decoder property: lattice-beam = 10.0
2019-01-01 23:57:57 -    INFO:   decoder2: Setting decoder property: word-boundary-file = test/models/english/tedlium_nnet_ms_sp_online/word_boundary.int
2019-01-01 23:57:57 -    INFO:   decoder2: Setting decoder property: acoustic-scale = 0.083
2019-01-01 23:57:57 -    INFO:   decoder2: Setting decoder property: do-endpointing = True
2019-01-01 23:57:57 -    INFO:   decoder2: Setting decoder property: beam = 20.0
2019-01-01 23:57:57 -    INFO:   decoder2: Setting decoder property: mfcc-config = test/models/english/tedlium_nnet_ms_sp_online/conf/mfcc.conf
2019-01-01 23:57:57 -    INFO:   decoder2: Setting decoder property: traceback-period-in-secs = 0.25
2019-01-01 23:57:57 -    INFO:   decoder2: Setting decoder property: endpoint-silence-phones = 1:2:3:4:5:6:7:8:9:10
2019-01-01 23:57:57 -    INFO:   decoder2: Setting decoder property: word-syms = test/models/english/tedlium_nnet_ms_sp_online/words.txt
2019-01-01 23:57:57 -    INFO:   decoder2: Setting decoder property: num-nbest = 5
2019-01-01 23:57:57 -    INFO:   decoder2: Setting decoder property: lm-fst = test/models/english/tedlium_nnet_ms_sp_online/G.fst
2019-01-01 23:57:58 -    INFO:   decoder2: Setting decoder property: max-active = 10000
2019-01-01 23:57:58 -    INFO:   decoder2: Setting decoder property: chunk-length-in-secs = 0.25
2019-01-01 23:57:58 -    INFO:   decoder2: Setting decoder property: fst = test/models/english/tedlium_nnet_ms_sp_online/HCLG.fst
2019-01-01 23:58:03 -    INFO:   decoder2: Setting decoder property: model = test/models/english/tedlium_nnet_ms_sp_online/final.mdl
2019-01-01 23:58:03 -    INFO:   decoder2: Created GStreamer elements
2019-01-01 23:58:03 -   DEBUG:   decoder2: Adding <__gi__.GstAppSrc object at 0x7f837fe37230 (GstAppSrc at 0x30139b0)> to the pipeline
2019-01-01 23:58:03 -   DEBUG:   decoder2: Adding <__gi__.GstDecodeBin object at 0x7f837fe37410 (GstDecodeBin at 0x2f32030)> to the pipeline
2019-01-01 23:58:03 -   DEBUG:   decoder2: Adding <__gi__.GstAudioConvert object at 0x7f837fe37320 (GstAudioConvert at 0x3043740)> to the pipeline
2019-01-01 23:58:03 -   DEBUG:   decoder2: Adding <__gi__.GstAudioResample object at 0x7f837fe372d0 (GstAudioResample at 0x3052280)> to the pipeline
2019-01-01 23:58:03 -   DEBUG:   decoder2: Adding <__gi__.GstTee object at 0x7f837fe373c0 (GstTee at 0x3055000)> to the pipeline
2019-01-01 23:58:03 -   DEBUG:   decoder2: Adding <__gi__.GstQueue object at 0x7f837fe37280 (GstQueue at 0x305a030)> to the pipeline
2019-01-01 23:58:03 -   DEBUG:   decoder2: Adding <__gi__.GstFileSink object at 0x7f837fe37370 (GstFileSink at 0x30595e0)> to the pipeline
2019-01-01 23:58:03 -   DEBUG:   decoder2: Adding <__gi__.GstQueue object at 0x7f837fe37460 (GstQueue at 0x305a320)> to the pipeline
2019-01-01 23:58:03 -   DEBUG:   decoder2: Adding <__gi__.Gstkaldinnet2onlinedecoder object at 0x7f837fe374b0 (Gstkaldinnet2onlinedecoder at 0x303e2a0)> to the pipeline
2019-01-01 23:58:03 -   DEBUG:   decoder2: Adding <__gi__.GstFakeSink object at 0x7f837fe37500 (GstFakeSink at 0x31ac610)> to the pipeline
2019-01-01 23:58:03 -    INFO:   decoder2: Linking GStreamer elements
LOG ([5.5.152~1-55aa]:ComputeDerivedVars():ivector-extractor.cc:183) Computing derived variables for iVector extractor
LOG ([5.5.152~1-55aa]:ComputeDerivedVars():ivector-extractor.cc:204) Done.
2019-01-01 23:58:03 -    INFO:   decoder2: Setting pipeline to READY
2019-01-01 23:58:03 -    INFO:   decoder2: Set pipeline to READY
2019-01-01 23:58:03 -    INFO:   __main__: Opening websocket connection to master server
2019-01-01 23:58:03 -    INFO:   __main__: Opened websocket connection to server
2019-01-02 00:03:39 -   DEBUG:   __main__: <undefined>: Websocket closed() called
2019-01-02 00:03:39 -    INFO:   decoder2: <undefined>: Resetting decoder state
2019-01-02 00:03:39 -   DEBUG:   __main__: <undefined>: Websocket closed() finished
2019-01-02 00:03:40 -    INFO:   __main__: Opening websocket connection to master server
2019-01-02 00:03:40 -   ERROR:   __main__: Couldn't connect to server, waiting for 5 seconds
   DEBUG 2019-01-02 00:13:09,785 Starting up worker 
2019-01-02 00:13:09 -    INFO:   decoder2: Creating decoder using conf: {'post-processor': "perl -npe 'BEGIN {use IO::Handle; STDOUT->autoflush(1);} s/(.*)/\\1./;'", 'logging': {'version': 1, 'root': {'level': 'DEBUG', 'handlers': ['console']}, 'formatters': {'simpleFormater': {'datefmt': '%Y-%m-%d %H:%M:%S', 'format': '%(asctime)s - %(levelname)7s: %(name)10s: %(message)s'}}, 'disable_existing_loggers': False, 'handlers': {'console': {'formatter': 'simpleFormater', 'class': 'logging.StreamHandler', 'level': 'DEBUG'}}}, 'use-nnet2': True, 'full-post-processor': './sample_full_post_processor.py', 'decoder': {'big-lm-const-arpa': 'test/models/english/tedlium_nnet_ms_sp_online/G.carpa', 'ivector-extraction-config': 'test/models/english/tedlium_nnet_ms_sp_online/conf/ivector_extractor.conf', 'lattice-beam': 10.0, 'word-boundary-file': 'test/models/english/tedlium_nnet_ms_sp_online/word_boundary.int', 'acoustic-scale': 0.083, 'do-endpointing': True, 'beam': 20.0, 'mfcc-config': 'test/models/english/tedlium_nnet_ms_sp_online/conf/mfcc.conf', 'traceback-period-in-secs': 0.25, 'endpoint-silence-phones': '1:2:3:4:5:6:7:8:9:10', 'word-syms': 'test/models/english/tedlium_nnet_ms_sp_online/words.txt', 'num-nbest': 5, 'lm-fst': 'test/models/english/tedlium_nnet_ms_sp_online/G.fst', 'max-active': 10000, 'fst': 'test/models/english/tedlium_nnet_ms_sp_online/HCLG.fst', 'use-threaded-decoder': True, 'model': 'test/models/english/tedlium_nnet_ms_sp_online/final.mdl', 'chunk-length-in-secs': 0.25}, 'silence-timeout': 10, 'out-dir': 'tmp', 'use-vad': False}
2019-01-02 00:13:09 -    INFO:   decoder2: Setting decoder property: big-lm-const-arpa = test/models/english/tedlium_nnet_ms_sp_online/G.carpa
2019-01-02 00:13:18 -    INFO:   decoder2: Setting decoder property: ivector-extraction-config = test/models/english/tedlium_nnet_ms_sp_online/conf/ivector_extractor.conf
2019-01-02 00:13:18 -    INFO:   decoder2: Setting decoder property: lattice-beam = 10.0
2019-01-02 00:13:18 -    INFO:   decoder2: Setting decoder property: word-boundary-file = test/models/english/tedlium_nnet_ms_sp_online/word_boundary.int
2019-01-02 00:13:18 -    INFO:   decoder2: Setting decoder property: acoustic-scale = 0.083
2019-01-02 00:13:18 -    INFO:   decoder2: Setting decoder property: do-endpointing = True
2019-01-02 00:13:18 -    INFO:   decoder2: Setting decoder property: beam = 20.0
2019-01-02 00:13:18 -    INFO:   decoder2: Setting decoder property: mfcc-config = test/models/english/tedlium_nnet_ms_sp_online/conf/mfcc.conf
2019-01-02 00:13:18 -    INFO:   decoder2: Setting decoder property: traceback-period-in-secs = 0.25
2019-01-02 00:13:18 -    INFO:   decoder2: Setting decoder property: endpoint-silence-phones = 1:2:3:4:5:6:7:8:9:10
2019-01-02 00:13:18 -    INFO:   decoder2: Setting decoder property: word-syms = test/models/english/tedlium_nnet_ms_sp_online/words.txt
2019-01-02 00:13:18 -    INFO:   decoder2: Setting decoder property: num-nbest = 5
2019-01-02 00:13:18 -    INFO:   decoder2: Setting decoder property: lm-fst = test/models/english/tedlium_nnet_ms_sp_online/G.fst
2019-01-02 00:13:20 -    INFO:   decoder2: Setting decoder property: max-active = 10000
2019-01-02 00:13:20 -    INFO:   decoder2: Setting decoder property: chunk-length-in-secs = 0.25
2019-01-02 00:13:20 -    INFO:   decoder2: Setting decoder property: fst = test/models/english/tedlium_nnet_ms_sp_online/HCLG.fst
2019-01-02 00:13:24 -    INFO:   decoder2: Setting decoder property: model = test/models/english/tedlium_nnet_ms_sp_online/final.mdl
2019-01-02 00:13:24 -    INFO:   decoder2: Created GStreamer elements
2019-01-02 00:13:24 -   DEBUG:   decoder2: Adding <__gi__.GstAppSrc object at 0x7efef3416230 (GstAppSrc at 0x1dc09b0)> to the pipeline
2019-01-02 00:13:24 -   DEBUG:   decoder2: Adding <__gi__.GstDecodeBin object at 0x7efef3416410 (GstDecodeBin at 0x1cde030)> to the pipeline
2019-01-02 00:13:24 -   DEBUG:   decoder2: Adding <__gi__.GstAudioConvert object at 0x7efef3416320 (GstAudioConvert at 0x1df05d0)> to the pipeline
2019-01-02 00:13:24 -   DEBUG:   decoder2: Adding <__gi__.GstAudioResample object at 0x7efef34162d0 (GstAudioResample at 0x1dfe280)> to the pipeline
2019-01-02 00:13:24 -   DEBUG:   decoder2: Adding <__gi__.GstTee object at 0x7efef34163c0 (GstTee at 0x1e02000)> to the pipeline
2019-01-02 00:13:24 -   DEBUG:   decoder2: Adding <__gi__.GstQueue object at 0x7efef3416280 (GstQueue at 0x1e06030)> to the pipeline
2019-01-02 00:13:24 -   DEBUG:   decoder2: Adding <__gi__.GstFileSink object at 0x7efef3416370 (GstFileSink at 0x1e0aa10)> to the pipeline
2019-01-02 00:13:24 -   DEBUG:   decoder2: Adding <__gi__.GstQueue object at 0x7efef3416460 (GstQueue at 0x1e06320)> to the pipeline
2019-01-02 00:13:24 -   DEBUG:   decoder2: Adding <__gi__.Gstkaldinnet2onlinedecoder object at 0x7efef34164b0 (Gstkaldinnet2onlinedecoder at 0x1dec2a0)> to the pipeline
2019-01-02 00:13:24 -   DEBUG:   decoder2: Adding <__gi__.GstFakeSink object at 0x7efef3416500 (GstFakeSink at 0x1f59610)> to the pipeline
2019-01-02 00:13:24 -    INFO:   decoder2: Linking GStreamer elements
LOG ([5.5.152~1-55aa]:ComputeDerivedVars():ivector-extractor.cc:183) Computing derived variables for iVector extractor
LOG ([5.5.152~1-55aa]:ComputeDerivedVars():ivector-extractor.cc:204) Done.
2019-01-02 00:13:24 -    INFO:   decoder2: Setting pipeline to READY
2019-01-02 00:13:24 -    INFO:   decoder2: Set pipeline to READY
2019-01-02 00:13:24 -    INFO:   __main__: Opening websocket connection to master server
2019-01-02 00:13:24 -    INFO:   __main__: Opened websocket connection to server
